The system is: Windows - 10.0.15063 - AMD64
Compiling the C compiler identification source file "CMakeCCompilerId.c" succeeded.
Compiler: C:/Program Files (x86)/Microsoft Visual Studio/2017/Enterprise/VC/Tools/MSVC/14.15.26726/bin/Hostx86/x86/cl.exe 
Build flags: 
Id flags:  

The output was:
0
Microsoft (R) C/C++ Optimizing Compiler Version 19.15.26732.1 for x86
Copyright (C) Microsoft Corporation.  All rights reserved.

CMakeCCompilerId.c
Microsoft (R) Incremental Linker Version 14.15.26732.1
Copyright (C) Microsoft Corporation.  All rights reserved.

/out:CMakeCCompilerId.exe 
CMakeCCompilerId.obj 


Compilation of the C compiler identification source "CMakeCCompilerId.c" produced "CMakeCCompilerId.exe"

Compilation of the C compiler identification source "CMakeCCompilerId.c" produced "CMakeCCompilerId.obj"

The C compiler identification is MSVC, found in "E:/SchoolStuff/Semester 4 - Summer 2019/Data Structures & Algorithm Dev C - PROG20799/C-Projects/Week8.1-ReviewOri/cmake-build-debug-visual-studio/CMakeFiles/3.14.3/CompilerIdC/CMakeCCompilerId.exe"

Determining if the C compiler works passed with the following output:
Change Dir: E:/SchoolStuff/Semester 4 - Summer 2019/Data Structures & Algorithm Dev C - PROG20799/C-Projects/Week8.1-ReviewOri/cmake-build-debug-visual-studio/CMakeFiles/CMakeTmp

Run Build Command(s):nmake /nologo cmTC_f832b\fast 
	"C:\Program Files (x86)\Microsoft Visual Studio\2017\Enterprise\VC\Tools\MSVC\14.15.26726\bin\HostX86\x86\nmake.exe" -f CMakeFiles\cmTC_f832b.dir\build.make /nologo -L                  CMakeFiles\cmTC_f832b.dir\build
Building C object CMakeFiles/cmTC_f832b.dir/testCCompiler.c.obj
	C:\PROGRA~2\MIB055~1\2017\ENTERP~1\VC\Tools\MSVC\1415~1.267\bin\Hostx86\x86\cl.exe @C:\Users\ADMIN\AppData\Local\Temp\nm2325.tmp
testCCompiler.c
Linking C executable cmTC_f832b.exe
	"C:\Program Files\JetBrains\CLion 2019.1.4\bin\cmake\win\bin\cmake.exe" -E vs_link_exe --intdir=CMakeFiles\cmTC_f832b.dir --rc=E:\WINDOW~1\10\bin\100171~1.0\x86\rc.exe --mt=E:\WINDOW~1\10\bin\100171~1.0\x86\mt.exe --manifests  -- C:\PROGRA~2\MIB055~1\2017\ENTERP~1\VC\Tools\MSVC\1415~1.267\bin\Hostx86\x86\link.exe /nologo @CMakeFiles\cmTC_f832b.dir\objects1.rsp @C:\Users\ADMIN\AppData\Local\Temp\nm245E.tmp


Detecting C compiler ABI info compiled with the following output:
Change Dir: E:/SchoolStuff/Semester 4 - Summer 2019/Data Structures & Algorithm Dev C - PROG20799/C-Projects/Week8.1-ReviewOri/cmake-build-debug-visual-studio/CMakeFiles/CMakeTmp

Run Build Command(s):nmake /nologo cmTC_46b13\fast 
	"C:\Program Files (x86)\Microsoft Visual Studio\2017\Enterprise\VC\Tools\MSVC\14.15.26726\bin\HostX86\x86\nmake.exe" -f CMakeFiles\cmTC_46b13.dir\build.make /nologo -L                  CMakeFiles\cmTC_46b13.dir\build
Building C object CMakeFiles/cmTC_46b13.dir/CMakeCCompilerABI.c.obj
	C:\PROGRA~2\MIB055~1\2017\ENTERP~1\VC\Tools\MSVC\1415~1.267\bin\Hostx86\x86\cl.exe @C:\Users\ADMIN\AppData\Local\Temp\nm2C8B.tmp
CMakeCCompilerABI.c
Linking C executable cmTC_46b13.exe
	"C:\Program Files\JetBrains\CLion 2019.1.4\bin\cmake\win\bin\cmake.exe" -E vs_link_exe --intdir=CMakeFiles\cmTC_46b13.dir --rc=E:\WINDOW~1\10\bin\100171~1.0\x86\rc.exe --mt=E:\WINDOW~1\10\bin\100171~1.0\x86\mt.exe --manifests  -- C:\PROGRA~2\MIB055~1\2017\ENTERP~1\VC\Tools\MSVC\1415~1.267\bin\Hostx86\x86\link.exe /nologo @CMakeFiles\cmTC_46b13.dir\objects1.rsp @C:\Users\ADMIN\AppData\Local\Temp\nm2DA5.tmp




Detecting C [] compiler features compiled with the following output:
Change Dir: E:/SchoolStuff/Semester 4 - Summer 2019/Data Structures & Algorithm Dev C - PROG20799/C-Projects/Week8.1-ReviewOri/cmake-build-debug-visual-studio/CMakeFiles/CMakeTmp

Run Build Command(s):nmake /nologo cmTC_9a1d0\fast 
	"C:\Program Files (x86)\Microsoft Visual Studio\2017\Enterprise\VC\Tools\MSVC\14.15.26726\bin\HostX86\x86\nmake.exe" -f CMakeFiles\cmTC_9a1d0.dir\build.make /nologo -L                  CMakeFiles\cmTC_9a1d0.dir\build
Building C object CMakeFiles/cmTC_9a1d0.dir/feature_tests.c.obj
	C:\PROGRA~2\MIB055~1\2017\ENTERP~1\VC\Tools\MSVC\1415~1.267\bin\Hostx86\x86\cl.exe @C:\Users\ADMIN\AppData\Local\Temp\nm34B9.tmp
feature_tests.c
Linking C executable cmTC_9a1d0.exe
	"C:\Program Files\JetBrains\CLion 2019.1.4\bin\cmake\win\bin\cmake.exe" -E vs_link_exe --intdir=CMakeFiles\cmTC_9a1d0.dir --rc=E:\WINDOW~1\10\bin\100171~1.0\x86\rc.exe --mt=E:\WINDOW~1\10\bin\100171~1.0\x86\mt.exe --manifests  -- C:\PROGRA~2\MIB055~1\2017\ENTERP~1\VC\Tools\MSVC\1415~1.267\bin\Hostx86\x86\link.exe /nologo @CMakeFiles\cmTC_9a1d0.dir\objects1.rsp @C:\Users\ADMIN\AppData\Local\Temp\nm35D3.tmp


    Feature record: C_FEATURE:1c_function_prototypes
    Feature record: C_FEATURE:1c_variadic_macros
